<?xml version="1.0" encoding="UTF-8"?>
<!-- Generated by org.testng.reporters.JUnitReportReporter -->
<testsuite hostname="wjn" name="yuansheng_houtai_action.dingdan_jifenTest" tests="2" failures="0" timestamp="12 Dec 2017 07:30:35 GMT" time="37.977" errors="0">
  <testcase name="daifahuo" time="19.558" classname="yuansheng_houtai_action.dingdan_jifenTest"/>
  <testcase name="jifen" time="18.419" classname="yuansheng_houtai_action.dingdan_jifenTest"/>
</testsuite> <!-- yuansheng_houtai_action.dingdan_jifenTest -->
