<?xml version="1.0" encoding="UTF-8"?>
<!-- Generated by org.testng.reporters.JUnitReportReporter -->
<testsuite hostname="wjn" name="utils.Send" tests="1" failures="0" timestamp="12 Dec 2017 03:01:11 GMT" time="18.557" errors="0">
  <testcase name="sendfujian" time="18.557" classname="utils.Send"/>
</testsuite> <!-- utils.Send -->
