<?xml version="1.0" encoding="UTF-8"?>
<!-- Generated by org.testng.reporters.JUnitReportReporter -->
<testsuite hostname="wjn" name="yuansheng_houtai_action.dingdan_shangpinTest" tests="6" failures="0" timestamp="12 Dec 2017 07:30:35 GMT" time="121.297" errors="0">
  <testcase name="testshanc" time="21.279" classname="yuansheng_houtai_action.dingdan_shangpinTest"/>
  <testcase name="testgaij" time="20.967" classname="yuansheng_houtai_action.dingdan_shangpinTest"/>
  <testcase name="testgaijs" time="23.088" classname="yuansheng_houtai_action.dingdan_shangpinTest"/>
  <testcase name="testxiangq" time="20.993" classname="yuansheng_houtai_action.dingdan_shangpinTest"/>
  <testcase name="testdaish" time="17.500" classname="yuansheng_houtai_action.dingdan_shangpinTest"/>
  <testcase name="testdaif" time="17.470" classname="yuansheng_houtai_action.dingdan_shangpinTest"/>
</testsuite> <!-- yuansheng_houtai_action.dingdan_shangpinTest -->
