<?xml version="1.0" encoding="UTF-8"?>
<!-- Generated by org.testng.reporters.JUnitReportReporter -->
<testsuite hostname="wjn" name="yuansheng_houtai_action.shezhi_shezhiTest" tests="7" failures="0" timestamp="12 Dec 2017 07:30:35 GMT" time="179.315" errors="0">
  <testcase name="shezhiTestsuccess" time="23.899" classname="yuansheng_houtai_action.shezhi_shezhiTest"/>
  <testcase name="kucunclose" time="24.123" classname="yuansheng_houtai_action.shezhi_shezhiTest"/>
  <testcase name="money" time="30.519" classname="yuansheng_houtai_action.shezhi_shezhiTest"/>
  <testcase name="kucunopen" time="24.251" classname="yuansheng_houtai_action.shezhi_shezhiTest"/>
  <testcase name="time" time="25.703" classname="yuansheng_houtai_action.shezhi_shezhiTest"/>
  <testcase name="method" time="26.061" classname="yuansheng_houtai_action.shezhi_shezhiTest"/>
  <testcase name="shezhiTestfail" time="24.759" classname="yuansheng_houtai_action.shezhi_shezhiTest"/>
</testsuite> <!-- yuansheng_houtai_action.shezhi_shezhiTest -->
